# JRE version: Java(TM) SE Runtime Environment (8.0_65-b17) (build 1.8.0_65-b17)
# Java VM: Java HotSpot(TM) 64-Bit Server VM (25.65-b01 mixed mode bsd-amd64 compressed oops)
Heap:
 PSYoungGen      total 72704K, used 40491K [0x000000076ab00000, 0x0000000770800000, 0x00000007c0000000)
  eden space 52224K, 77% used [0x000000076ab00000,0x000000076d25af48,0x000000076de00000)
  from space 20480K, 0% used [0x000000076f400000,0x000000076f430000,0x0000000770800000)
  to   space 21504K, 0% used [0x000000076de00000,0x000000076de00000,0x000000076f300000)
 ParOldGen       total 226304K, used 187902K [0x00000006c0000000, 0x00000006cdd00000, 0x000000076ab00000)
  object space 226304K, 83% used [0x00000006c0000000,0x00000006cb77f938,0x00000006cdd00000)
 Metaspace       used 46922K, capacity 47294K, committed 47872K, reserved 1091584K
  class space    used 4992K, capacity 5097K, committed 5120K, reserved 1048576K
GC Heap History (10 events):
Event: 62446.868 GC heap before
{Heap before GC invocations=1051 (full 55):
 PSYoungGen      total 46592K, used 46464K [0x000000076ab00000, 0x0000000770b00000, 0x00000007c0000000)
  eden space 46080K, 100% used [0x000000076ab00000,0x000000076d800000,0x000000076d800000)
  from space 512K, 75% used [0x000000076d900000,0x000000076d960000,0x000000076d980000)
  to   space 26112K, 0% used [0x000000076f180000,0x000000076f180000,0x0000000770b00000)
 ParOldGen       total 226304K, used 187348K [0x00000006c0000000, 0x00000006cdd00000, 0x000000076ab00000)
  object space 226304K, 82% used [0x00000006c0000000,0x00000006cb6f5128,0x00000006cdd00000)
 Metaspace       used 46921K, capacity 47294K, committed 47872K, reserved 1091584K
  class space    used 4992K, capacity 5097K, committed 5120K, reserved 1048576K
Event: 62446.873 GC heap after
Heap after GC invocations=1051 (full 55):
 PSYoungGen      total 69120K, used 736K [0x000000076ab00000, 0x0000000770880000, 0x00000007c0000000)
  eden space 45568K, 0% used [0x000000076ab00000,0x000000076ab00000,0x000000076d780000)
  from space 23552K, 3% used [0x000000076f180000,0x000000076f238000,0x0000000770880000)
  to   space 25088K, 0% used [0x000000076d780000,0x000000076d780000,0x000000076f000000)
 ParOldGen       total 226304K, used 187348K [0x00000006c0000000, 0x00000006cdd00000, 0x000000076ab00000)
  object space 226304K, 82% used [0x00000006c0000000,0x00000006cb6f5128,0x00000006cdd00000)
 Metaspace       used 46921K, capacity 47294K, committed 47872K, reserved 1091584K
  class space    used 4992K, capacity 5097K, committed 5120K, reserved 1048576K
}
Event: 62447.164 GC heap before
{Heap before GC invocations=1052 (full 55):
 PSYoungGen      total 69120K, used 46304K [0x000000076ab00000, 0x0000000770880000, 0x00000007c0000000)
  eden space 45568K, 100% used [0x000000076ab00000,0x000000076d780000,0x000000076d780000)
  from space 23552K, 3% used [0x000000076f180000,0x000000076f238000,0x0000000770880000)
  to   space 25088K, 0% used [0x000000076d780000,0x000000076d780000,0x000000076f000000)
 ParOldGen       total 226304K, used 187348K [0x00000006c0000000, 0x00000006cdd00000, 0x000000076ab00000)
  object space 226304K, 82% used [0x00000006c0000000,0x00000006cb6f5128,0x00000006cdd00000)
 Metaspace       used 46921K, capacity 47294K, committed 47872K, reserved 1091584K
  class space    used 4992K, capacity 5097K, committed 5120K, reserved 1048576K
Event: 62447.169 GC heap after
Heap after GC invocations=1052 (full 55):
 PSYoungGen      total 46080K, used 672K [0x000000076ab00000, 0x0000000770600000, 0x00000007c0000000)
  eden space 45056K, 0% used [0x000000076ab00000,0x000000076ab00000,0x000000076d700000)
  from space 1024K, 65% used [0x000000076d780000,0x000000076d828000,0x000000076d880000)
  to   space 24064K, 0% used [0x000000076ee80000,0x000000076ee80000,0x0000000770600000)
 ParOldGen       total 226304K, used 187348K [0x00000006c0000000, 0x00000006cdd00000, 0x000000076ab00000)
  object space 226304K, 82% used [0x00000006c0000000,0x00000006cb6f5128,0x00000006cdd00000)
 Metaspace       used 46921K, capacity 47294K, committed 47872K, reserved 1091584K
  class space    used 4992K, capacity 5097K, committed 5120K, reserved 1048576K
}
Event: 62447.439 GC heap before
{Heap before GC invocations=1053 (full 55):
 PSYoungGen      total 46080K, used 45728K [0x000000076ab00000, 0x0000000770600000, 0x00000007c0000000)
  eden space 45056K, 100% used [0x000000076ab00000,0x000000076d700000,0x000000076d700000)
  from space 1024K, 65% used [0x000000076d780000,0x000000076d828000,0x000000076d880000)
  to   space 24064K, 0% used [0x000000076ee80000,0x000000076ee80000,0x0000000770600000)
 ParOldGen       total 226304K, used 187348K [0x00000006c0000000, 0x00000006cdd00000, 0x000000076ab00000)
  object space 226304K, 82% used [0x00000006c0000000,0x00000006cb6f5128,0x00000006cdd00000)
 Metaspace       used 46921K, capacity 47294K, committed 47872K, reserved 1091584K
  class space    used 4992K, capacity 5097K, committed 5120K, reserved 1048576K
Event: 62447.445 GC heap after
Heap after GC invocations=1053 (full 55):
 PSYoungGen      total 69632K, used 256K [0x000000076ab00000, 0x0000000770b80000, 0x00000007c0000000)
  eden space 45568K, 0% used [0x000000076ab00000,0x000000076ab00000,0x000000076d780000)
  from space 24064K, 1% used [0x000000076ee80000,0x000000076eec0000,0x0000000770600000)
  to   space 23552K, 0% used [0x000000076d780000,0x000000076d780000,0x000000076ee80000)
 ParOldGen       total 226304K, used 187846K [0x00000006c0000000, 0x00000006cdd00000, 0x000000076ab00000)
  object space 226304K, 83% used [0x00000006c0000000,0x00000006cb771938,0x00000006cdd00000)
 Metaspace       used 46921K, capacity 47294K, committed 47872K, reserved 1091584K
  class space    used 4992K, capacity 5097K, committed 5120K, reserved 1048576K
}
Event: 62448.090 GC heap before
{Heap before GC invocations=1054 (full 55):
 PSYoungGen      total 69632K, used 45824K [0x000000076ab00000, 0x0000000770b80000, 0x00000007c0000000)
  eden space 45568K, 100% used [0x000000076ab00000,0x000000076d780000,0x000000076d780000)
  from space 24064K, 1% used [0x000000076ee80000,0x000000076eec0000,0x0000000770600000)
  to   space 23552K, 0% used [0x000000076d780000,0x000000076d780000,0x000000076ee80000)
 ParOldGen       total 226304K, used 187846K [0x00000006c0000000, 0x00000006cdd00000, 0x000000076ab00000)
  object space 226304K, 83% used [0x00000006c0000000,0x00000006cb771938,0x00000006cdd00000)
 Metaspace       used 46921K, capacity 47294K, committed 47872K, reserved 1091584K
  class space    used 4992K, capacity 5097K, committed 5120K, reserved 1048576K
Event: 62448.095 GC heap after
Heap after GC invocations=1054 (full 55):
 PSYoungGen      total 69120K, used 224K [0x000000076ab00000, 0x0000000770a00000, 0x00000007c0000000)
  eden space 45568K, 0% used [0x000000076ab00000,0x000000076ab00000,0x000000076d780000)
  from space 23552K, 0% used [0x000000076d780000,0x000000076d7b8000,0x000000076ee80000)
  to   space 22528K, 0% used [0x000000076f400000,0x000000076f400000,0x0000000770a00000)
 ParOldGen       total 226304K, used 187878K [0x00000006c0000000, 0x00000006cdd00000, 0x000000076ab00000)
  object space 226304K, 83% used [0x00000006c0000000,0x00000006cb779938,0x00000006cdd00000)
 Metaspace       used 46921K, capacity 47294K, committed 47872K, reserved 1091584K
  class space    used 4992K, capacity 5097K, committed 5120K, reserved 1048576K
}
Event: 62449.504 GC heap before
{Heap before GC invocations=1055 (full 55):
 PSYoungGen      total 69120K, used 45792K [0x000000076ab00000, 0x0000000770a00000, 0x00000007c0000000)
  eden space 45568K, 100% used [0x000000076ab00000,0x000000076d780000,0x000000076d780000)
  from space 23552K, 0% used [0x000000076d780000,0x000000076d7b8000,0x000000076ee80000)
  to   space 22528K, 0% used [0x000000076f400000,0x000000076f400000,0x0000000770a00000)
 ParOldGen       total 226304K, used 187878K [0x00000006c0000000, 0x00000006cdd00000, 0x000000076ab00000)
  object space 226304K, 83% used [0x00000006c0000000,0x00000006cb779938,0x00000006cdd00000)
 Metaspace       used 46921K, capacity 47294K, committed 47872K, reserved 1091584K
  class space    used 4992K, capacity 5097K, committed 5120K, reserved 1048576K
Event: 62449.509 GC heap after
Heap after GC invocations=1055 (full 55):
 PSYoungGen      total 72704K, used 192K [0x000000076ab00000, 0x0000000770800000, 0x00000007c0000000)
  eden space 52224K, 0% used [0x000000076ab00000,0x000000076ab00000,0x000000076de00000)
  from space 20480K, 0% used [0x000000076f400000,0x000000076f430000,0x0000000770800000)
  to   space 21504K, 0% used [0x000000076de00000,0x000000076de00000,0x000000076f300000)
 ParOldGen       total 226304K, used 187902K [0x00000006c0000000, 0x00000006cdd00000, 0x000000076ab00000)
  object space 226304K, 83% used [0x00000006c0000000,0x00000006cb77f938,0x00000006cdd00000)
 Metaspace       used 46921K, capacity 47294K, committed 47872K, reserved 1091584K
  class space    used 4992K, capacity 5097K, committed 5120K, reserved 1048576K
}

