# JRE version: Java(TM) SE Runtime Environment (8.0_65-b17) (build 1.8.0_65-b17)
# Java VM: Java HotSpot(TM) 64-Bit Server VM (25.65-b01 mixed mode bsd-amd64 compressed oops)
Heap:
 PSYoungGen      total 147968K, used 3383K [0x000000076ab00000, 0x0000000775600000, 0x00000007c0000000)
  eden space 124928K, 2% used [0x000000076ab00000,0x000000076ae4de90,0x0000000772500000)
  from space 23040K, 0% used [0x0000000773f80000,0x0000000773f80000,0x0000000775600000)
  to   space 25088K, 0% used [0x0000000772500000,0x0000000772500000,0x0000000773d80000)
 ParOldGen       total 114176K, used 56408K [0x00000006c0000000, 0x00000006c6f80000, 0x000000076ab00000)
  object space 114176K, 49% used [0x00000006c0000000,0x00000006c37161d0,0x00000006c6f80000)
 Metaspace       used 41348K, capacity 41616K, committed 42112K, reserved 1087488K
  class space    used 4581K, capacity 4668K, committed 4736K, reserved 1048576K
GC Heap History (10 events):
Event: 29808.503 GC heap before
{Heap before GC invocations=51 (full 17):
 PSYoungGen      total 129536K, used 129472K [0x000000076ab00000, 0x0000000776400000, 0x00000007c0000000)
  eden space 129024K, 100% used [0x000000076ab00000,0x0000000772900000,0x0000000772900000)
  from space 512K, 87% used [0x0000000772d00000,0x0000000772d70000,0x0000000772d80000)
  to   space 30208K, 0% used [0x0000000774680000,0x0000000774680000,0x0000000776400000)
 ParOldGen       total 114176K, used 83791K [0x00000006c0000000, 0x00000006c6f80000, 0x000000076ab00000)
  object space 114176K, 73% used [0x00000006c0000000,0x00000006c51d3d58,0x00000006c6f80000)
 Metaspace       used 41057K, capacity 41458K, committed 41856K, reserved 1087488K
  class space    used 4590K, capacity 4695K, committed 4736K, reserved 1048576K
Event: 29808.505 GC heap after
Heap after GC invocations=51 (full 17):
 PSYoungGen      total 147968K, used 448K [0x000000076ab00000, 0x0000000775d00000, 0x00000007c0000000)
  eden space 124928K, 0% used [0x000000076ab00000,0x000000076ab00000,0x0000000772500000)
  from space 23040K, 1% used [0x0000000774680000,0x00000007746f0000,0x0000000775d00000)
  to   space 28672K, 0% used [0x0000000772500000,0x0000000772500000,0x0000000774100000)
 ParOldGen       total 114176K, used 83791K [0x00000006c0000000, 0x00000006c6f80000, 0x000000076ab00000)
  object space 114176K, 73% used [0x00000006c0000000,0x00000006c51d3d58,0x00000006c6f80000)
 Metaspace       used 41057K, capacity 41458K, committed 41856K, reserved 1087488K
  class space    used 4590K, capacity 4695K, committed 4736K, reserved 1048576K
}
Event: 29857.587 GC heap before
{Heap before GC invocations=52 (full 17):
 PSYoungGen      total 147968K, used 52783K [0x000000076ab00000, 0x0000000775d00000, 0x00000007c0000000)
  eden space 124928K, 41% used [0x000000076ab00000,0x000000076de1be70,0x0000000772500000)
  from space 23040K, 1% used [0x0000000774680000,0x00000007746f0000,0x0000000775d00000)
  to   space 28672K, 0% used [0x0000000772500000,0x0000000772500000,0x0000000774100000)
 ParOldGen       total 114176K, used 83791K [0x00000006c0000000, 0x00000006c6f80000, 0x000000076ab00000)
  object space 114176K, 73% used [0x00000006c0000000,0x00000006c51d3d58,0x00000006c6f80000)
 Metaspace       used 41416K, capacity 41714K, committed 42112K, reserved 1087488K
  class space    used 4595K, capacity 4695K, committed 4736K, reserved 1048576K
Event: 29857.591 GC heap after
Heap after GC invocations=52 (full 17):
 PSYoungGen      total 125952K, used 864K [0x000000076ab00000, 0x0000000775a00000, 0x00000007c0000000)
  eden space 124928K, 0% used [0x000000076ab00000,0x000000076ab00000,0x0000000772500000)
  from space 1024K, 84% used [0x0000000772500000,0x00000007725d8000,0x0000000772600000)
  to   space 27136K, 0% used [0x0000000773f80000,0x0000000773f80000,0x0000000775a00000)
 ParOldGen       total 114176K, used 83799K [0x00000006c0000000, 0x00000006c6f80000, 0x000000076ab00000)
  object space 114176K, 73% used [0x00000006c0000000,0x00000006c51d5d58,0x00000006c6f80000)
 Metaspace       used 41416K, capacity 41714K, committed 42112K, reserved 1087488K
  class space    used 4595K, capacity 4695K, committed 4736K, reserved 1048576K
}
Event: 29857.591 GC heap before
{Heap before GC invocations=53 (full 18):
 PSYoungGen      total 125952K, used 864K [0x000000076ab00000, 0x0000000775a00000, 0x00000007c0000000)
  eden space 124928K, 0% used [0x000000076ab00000,0x000000076ab00000,0x0000000772500000)
  from space 1024K, 84% used [0x0000000772500000,0x00000007725d8000,0x0000000772600000)
  to   space 27136K, 0% used [0x0000000773f80000,0x0000000773f80000,0x0000000775a00000)
 ParOldGen       total 114176K, used 83799K [0x00000006c0000000, 0x00000006c6f80000, 0x000000076ab00000)
  object space 114176K, 73% used [0x00000006c0000000,0x00000006c51d5d58,0x00000006c6f80000)
 Metaspace       used 41416K, capacity 41714K, committed 42112K, reserved 1087488K
  class space    used 4595K, capacity 4695K, committed 4736K, reserved 1048576K
Event: 29857.783 GC heap after
Heap after GC invocations=53 (full 18):
 PSYoungGen      total 125952K, used 0K [0x000000076ab00000, 0x0000000775a00000, 0x00000007c0000000)
  eden space 124928K, 0% used [0x000000076ab00000,0x000000076ab00000,0x0000000772500000)
  from space 1024K, 0% used [0x0000000772500000,0x0000000772500000,0x0000000772600000)
  to   space 27136K, 0% used [0x0000000773f80000,0x0000000773f80000,0x0000000775a00000)
 ParOldGen       total 114176K, used 57900K [0x00000006c0000000, 0x00000006c6f80000, 0x000000076ab00000)
  object space 114176K, 50% used [0x00000006c0000000,0x00000006c388b390,0x00000006c6f80000)
 Metaspace       used 41416K, capacity 41714K, committed 42112K, reserved 1087488K
  class space    used 4595K, capacity 4695K, committed 4736K, reserved 1048576K
}
Event: 84858.277 GC heap before
{Heap before GC invocations=54 (full 18):
 PSYoungGen      total 125952K, used 23152K [0x000000076ab00000, 0x0000000775a00000, 0x00000007c0000000)
  eden space 124928K, 18% used [0x000000076ab00000,0x000000076c19c3a0,0x0000000772500000)
  from space 1024K, 0% used [0x0000000772500000,0x0000000772500000,0x0000000772600000)
  to   space 27136K, 0% used [0x0000000773f80000,0x0000000773f80000,0x0000000775a00000)
 ParOldGen       total 114176K, used 57900K [0x00000006c0000000, 0x00000006c6f80000, 0x000000076ab00000)
  object space 114176K, 50% used [0x00000006c0000000,0x00000006c388b390,0x00000006c6f80000)
 Metaspace       used 41451K, capacity 41784K, committed 42112K, reserved 1087488K
  class space    used 4596K, capacity 4696K, committed 4736K, reserved 1048576K
Event: 84858.338 GC heap after
Heap after GC invocations=54 (full 18):
 PSYoungGen      total 147968K, used 4124K [0x000000076ab00000, 0x0000000775600000, 0x00000007c0000000)
  eden space 124928K, 0% used [0x000000076ab00000,0x000000076ab00000,0x0000000772500000)
  from space 23040K, 17% used [0x0000000773f80000,0x0000000774387338,0x0000000775600000)
  to   space 25088K, 0% used [0x0000000772500000,0x0000000772500000,0x0000000773d80000)
 ParOldGen       total 114176K, used 57908K [0x00000006c0000000, 0x00000006c6f80000, 0x000000076ab00000)
  object space 114176K, 50% used [0x00000006c0000000,0x00000006c388d390,0x00000006c6f80000)
 Metaspace       used 41451K, capacity 41784K, committed 42112K, reserved 1087488K
  class space    used 4596K, capacity 4696K, committed 4736K, reserved 1048576K
}
Event: 84858.338 GC heap before
{Heap before GC invocations=55 (full 19):
 PSYoungGen      total 147968K, used 4124K [0x000000076ab00000, 0x0000000775600000, 0x00000007c0000000)
  eden space 124928K, 0% used [0x000000076ab00000,0x000000076ab00000,0x0000000772500000)
  from space 23040K, 17% used [0x0000000773f80000,0x0000000774387338,0x0000000775600000)
  to   space 25088K, 0% used [0x0000000772500000,0x0000000772500000,0x0000000773d80000)
 ParOldGen       total 114176K, used 57908K [0x00000006c0000000, 0x00000006c6f80000, 0x000000076ab00000)
  object space 114176K, 50% used [0x00000006c0000000,0x00000006c388d390,0x00000006c6f80000)
 Metaspace       used 41451K, capacity 41784K, committed 42112K, reserved 1087488K
  class space    used 4596K, capacity 4696K, committed 4736K, reserved 1048576K
Event: 84858.741 GC heap after
Heap after GC invocations=55 (full 19):
 PSYoungGen      total 147968K, used 0K [0x000000076ab00000, 0x0000000775600000, 0x00000007c0000000)
  eden space 124928K, 0% used [0x000000076ab00000,0x000000076ab00000,0x0000000772500000)
  from space 23040K, 0% used [0x0000000773f80000,0x0000000773f80000,0x0000000775600000)
  to   space 25088K, 0% used [0x0000000772500000,0x0000000772500000,0x0000000773d80000)
 ParOldGen       total 114176K, used 56408K [0x00000006c0000000, 0x00000006c6f80000, 0x000000076ab00000)
  object space 114176K, 49% used [0x00000006c0000000,0x00000006c37161d0,0x00000006c6f80000)
 Metaspace       used 41347K, capacity 41616K, committed 42112K, reserved 1087488K
  class space    used 4581K, capacity 4668K, committed 4736K, reserved 1048576K
}

