# JRE version: Java(TM) SE Runtime Environment (8.0_65-b17) (build 1.8.0_65-b17)
# Java VM: Java HotSpot(TM) 64-Bit Server VM (25.65-b01 mixed mode bsd-amd64 compressed oops)
Heap:
 PSYoungGen      total 75264K, used 5191K [0x000000076ab00000, 0x0000000770180000, 0x00000007c0000000)
  eden space 63488K, 8% used [0x000000076ab00000,0x000000076b011eb0,0x000000076e900000)
  from space 11776K, 0% used [0x000000076f500000,0x000000076f500000,0x0000000770080000)
  to   space 12288K, 0% used [0x000000076e900000,0x000000076e900000,0x000000076f500000)
 ParOldGen       total 73216K, used 40452K [0x00000006c0000000, 0x00000006c4780000, 0x000000076ab00000)
  object space 73216K, 55% used [0x00000006c0000000,0x00000006c27811b0,0x00000006c4780000)
 Metaspace       used 41811K, capacity 42074K, committed 42624K, reserved 1087488K
  class space    used 4613K, capacity 4708K, committed 4736K, reserved 1048576K
GC Heap History (10 events):
Event: 23532.557 GC heap before
{Heap before GC invocations=36 (full 16):
 PSYoungGen      total 76288K, used 34985K [0x000000076ab00000, 0x0000000770000000, 0x00000007c0000000)
  eden space 65536K, 53% used [0x000000076ab00000,0x000000076cd2a698,0x000000076eb00000)
  from space 10752K, 0% used [0x000000076eb00000,0x000000076eb00000,0x000000076f580000)
  to   space 10752K, 0% used [0x000000076f580000,0x000000076f580000,0x0000000770000000)
 ParOldGen       total 73216K, used 38053K [0x00000006c0000000, 0x00000006c4780000, 0x000000076ab00000)
  object space 73216K, 51% used [0x00000006c0000000,0x00000006c2529458,0x00000006c4780000)
 Metaspace       used 41649K, capacity 41950K, committed 42368K, reserved 1087488K
  class space    used 4620K, capacity 4730K, committed 4736K, reserved 1048576K
Event: 23532.564 GC heap after
Heap after GC invocations=36 (full 16):
 PSYoungGen      total 76288K, used 5209K [0x000000076ab00000, 0x0000000770000000, 0x00000007c0000000)
  eden space 65536K, 0% used [0x000000076ab00000,0x000000076ab00000,0x000000076eb00000)
  from space 10752K, 48% used [0x000000076f580000,0x000000076fa96658,0x0000000770000000)
  to   space 10752K, 0% used [0x000000076eb00000,0x000000076eb00000,0x000000076f580000)
 ParOldGen       total 73216K, used 38061K [0x00000006c0000000, 0x00000006c4780000, 0x000000076ab00000)
  object space 73216K, 51% used [0x00000006c0000000,0x00000006c252b458,0x00000006c4780000)
 Metaspace       used 41649K, capacity 41950K, committed 42368K, reserved 1087488K
  class space    used 4620K, capacity 4730K, committed 4736K, reserved 1048576K
}
Event: 23532.564 GC heap before
{Heap before GC invocations=37 (full 17):
 PSYoungGen      total 76288K, used 5209K [0x000000076ab00000, 0x0000000770000000, 0x00000007c0000000)
  eden space 65536K, 0% used [0x000000076ab00000,0x000000076ab00000,0x000000076eb00000)
  from space 10752K, 48% used [0x000000076f580000,0x000000076fa96658,0x0000000770000000)
  to   space 10752K, 0% used [0x000000076eb00000,0x000000076eb00000,0x000000076f580000)
 ParOldGen       total 73216K, used 38061K [0x00000006c0000000, 0x00000006c4780000, 0x000000076ab00000)
  object space 73216K, 51% used [0x00000006c0000000,0x00000006c252b458,0x00000006c4780000)
 Metaspace       used 41649K, capacity 41950K, committed 42368K, reserved 1087488K
  class space    used 4620K, capacity 4730K, committed 4736K, reserved 1048576K
Event: 23532.636 GC heap after
Heap after GC invocations=37 (full 17):
 PSYoungGen      total 76288K, used 0K [0x000000076ab00000, 0x0000000770000000, 0x00000007c0000000)
  eden space 65536K, 0% used [0x000000076ab00000,0x000000076ab00000,0x000000076eb00000)
  from space 10752K, 0% used [0x000000076f580000,0x000000076f580000,0x0000000770000000)
  to   space 10752K, 0% used [0x000000076eb00000,0x000000076eb00000,0x000000076f580000)
 ParOldGen       total 73216K, used 39976K [0x00000006c0000000, 0x00000006c4780000, 0x000000076ab00000)
  object space 73216K, 54% used [0x00000006c0000000,0x00000006c270a150,0x00000006c4780000)
 Metaspace       used 41649K, capacity 41950K, committed 42368K, reserved 1087488K
  class space    used 4620K, capacity 4730K, committed 4736K, reserved 1048576K
}
Event: 25359.726 GC heap before
{Heap before GC invocations=38 (full 17):
 PSYoungGen      total 76288K, used 65536K [0x000000076ab00000, 0x0000000770000000, 0x00000007c0000000)
  eden space 65536K, 100% used [0x000000076ab00000,0x000000076eb00000,0x000000076eb00000)
  from space 10752K, 0% used [0x000000076f580000,0x000000076f580000,0x0000000770000000)
  to   space 10752K, 0% used [0x000000076eb00000,0x000000076eb00000,0x000000076f580000)
 ParOldGen       total 73216K, used 39976K [0x00000006c0000000, 0x00000006c4780000, 0x000000076ab00000)
  object space 73216K, 54% used [0x00000006c0000000,0x00000006c270a150,0x00000006c4780000)
 Metaspace       used 41753K, capacity 42032K, committed 42368K, reserved 1087488K
  class space    used 4625K, capacity 4733K, committed 4736K, reserved 1048576K
Event: 25359.732 GC heap after
Heap after GC invocations=38 (full 17):
 PSYoungGen      total 72192K, used 8033K [0x000000076ab00000, 0x0000000770080000, 0x00000007c0000000)
  eden space 64000K, 0% used [0x000000076ab00000,0x000000076ab00000,0x000000076e980000)
  from space 8192K, 98% used [0x000000076eb00000,0x000000076f2d8538,0x000000076f300000)
  to   space 11776K, 0% used [0x000000076f500000,0x000000076f500000,0x0000000770080000)
 ParOldGen       total 73216K, used 45963K [0x00000006c0000000, 0x00000006c4780000, 0x000000076ab00000)
  object space 73216K, 62% used [0x00000006c0000000,0x00000006c2ce2c80,0x00000006c4780000)
 Metaspace       used 41753K, capacity 42032K, committed 42368K, reserved 1087488K
  class space    used 4625K, capacity 4733K, committed 4736K, reserved 1048576K
}
Event: 172104.780 GC heap before
{Heap before GC invocations=39 (full 17):
 PSYoungGen      total 72192K, used 48352K [0x000000076ab00000, 0x0000000770080000, 0x00000007c0000000)
  eden space 64000K, 62% used [0x000000076ab00000,0x000000076d25fe28,0x000000076e980000)
  from space 8192K, 98% used [0x000000076eb00000,0x000000076f2d8538,0x000000076f300000)
  to   space 11776K, 0% used [0x000000076f500000,0x000000076f500000,0x0000000770080000)
 ParOldGen       total 73216K, used 45963K [0x00000006c0000000, 0x00000006c4780000, 0x000000076ab00000)
  object space 73216K, 62% used [0x00000006c0000000,0x00000006c2ce2c80,0x00000006c4780000)
 Metaspace       used 41895K, capacity 42230K, committed 42624K, reserved 1087488K
  class space    used 4627K, capacity 4734K, committed 4736K, reserved 1048576K
Event: 172104.842 GC heap after
Heap after GC invocations=39 (full 17):
 PSYoungGen      total 75264K, used 8687K [0x000000076ab00000, 0x0000000770180000, 0x00000007c0000000)
  eden space 63488K, 0% used [0x000000076ab00000,0x000000076ab00000,0x000000076e900000)
  from space 11776K, 73% used [0x000000076f500000,0x000000076fd7bce8,0x0000000770080000)
  to   space 12288K, 0% used [0x000000076e900000,0x000000076e900000,0x000000076f500000)
 ParOldGen       total 73216K, used 45971K [0x00000006c0000000, 0x00000006c4780000, 0x000000076ab00000)
  object space 73216K, 62% used [0x00000006c0000000,0x00000006c2ce4c80,0x00000006c4780000)
 Metaspace       used 41895K, capacity 42230K, committed 42624K, reserved 1087488K
  class space    used 4627K, capacity 4734K, committed 4736K, reserved 1048576K
}
Event: 172104.843 GC heap before
{Heap before GC invocations=40 (full 18):
 PSYoungGen      total 75264K, used 8687K [0x000000076ab00000, 0x0000000770180000, 0x00000007c0000000)
  eden space 63488K, 0% used [0x000000076ab00000,0x000000076ab00000,0x000000076e900000)
  from space 11776K, 73% used [0x000000076f500000,0x000000076fd7bce8,0x0000000770080000)
  to   space 12288K, 0% used [0x000000076e900000,0x000000076e900000,0x000000076f500000)
 ParOldGen       total 73216K, used 45971K [0x00000006c0000000, 0x00000006c4780000, 0x000000076ab00000)
  object space 73216K, 62% used [0x00000006c0000000,0x00000006c2ce4c80,0x00000006c4780000)
 Metaspace       used 41895K, capacity 42230K, committed 42624K, reserved 1087488K
  class space    used 4627K, capacity 4734K, committed 4736K, reserved 1048576K
Event: 172105.196 GC heap after
Heap after GC invocations=40 (full 18):
 PSYoungGen      total 75264K, used 0K [0x000000076ab00000, 0x0000000770180000, 0x00000007c0000000)
  eden space 63488K, 0% used [0x000000076ab00000,0x000000076ab00000,0x000000076e900000)
  from space 11776K, 0% used [0x000000076f500000,0x000000076f500000,0x0000000770080000)
  to   space 12288K, 0% used [0x000000076e900000,0x000000076e900000,0x000000076f500000)
 ParOldGen       total 73216K, used 40452K [0x00000006c0000000, 0x00000006c4780000, 0x000000076ab00000)
  object space 73216K, 55% used [0x00000006c0000000,0x00000006c27811b0,0x00000006c4780000)
 Metaspace       used 41798K, capacity 42074K, committed 42624K, reserved 1087488K
  class space    used 4613K, capacity 4708K, committed 4736K, reserved 1048576K
}

